<?xml version="1.0" encoding="UTF-8"?>
<testsuites name="jest tests" tests="24" failures="3" errors="0" time="7.832">
  <testsuite name="undefined" errors="0" failures="0" skipped="0" timestamp="2024-02-04T14:23:49" time="0.451" tests="1">
    <testcase classname=" Catch error and show in ErrorFallback" name=" Catch error and show in ErrorFallback" time="0.035">
    </testcase>
  </testsuite>
  <testsuite name="undefined" errors="0" failures="0" skipped="0" timestamp="2024-02-04T14:23:49" time="0.469" tests="6">
    <testcase classname=" renders Eintrag 0 correctly" name=" renders Eintrag 0 correctly" time="0.026">
    </testcase>
    <testcase classname=" checks if non-existing text is not in document" name=" checks if non-existing text is not in document" time="0.003">
    </testcase>
    <testcase classname=" renders Eintrag 1 correctly" name=" renders Eintrag 1 correctly" time="0.006">
    </testcase>
    <testcase classname=" checks if non-existing text is not in document" name=" checks if non-existing text is not in document" time="0.002">
    </testcase>
    <testcase classname=" renders Eintrag 2 correctly" name=" renders Eintrag 2 correctly" time="0.007">
    </testcase>
    <testcase classname=" checks if non-existing text is not in document" name=" checks if non-existing text is not in document" time="0.003">
    </testcase>
  </testsuite>
  <testsuite name="undefined" errors="0" failures="0" skipped="0" timestamp="2024-02-04T14:23:49" time="0.59" tests="6">
    <testcase classname=" renders ProtokollDescription component with test data" name=" renders ProtokollDescription component with test data" time="0.023">
    </testcase>
    <testcase classname=" checks if non-existing text is not in document" name=" checks if non-existing text is not in document" time="0.003">
    </testcase>
    <testcase classname=" renders ProtokollDescription component with test data" name=" renders ProtokollDescription component with test data" time="0.004">
    </testcase>
    <testcase classname=" checks if non-existing text is not in document" name=" checks if non-existing text is not in document" time="0.002">
    </testcase>
    <testcase classname=" renders ProtokollDescription component with test data" name=" renders ProtokollDescription component with test data" time="0.002">
    </testcase>
    <testcase classname=" checks if non-existing text is not in document" name=" checks if non-existing text is not in document" time="0.002">
    </testcase>
  </testsuite>
  <testsuite name="undefined" errors="0" failures="3" skipped="0" timestamp="2024-02-04T14:23:49" time="6.935" tests="11">
    <testcase classname=" App" name=" App" time="0.033">
    </testcase>
    <testcase classname=" Prefs" name=" Prefs" time="0.004">
    </testcase>
    <testcase classname=" Admin" name=" Admin" time="0.002">
    </testcase>
    <testcase classname=" Protokoll 101" name=" Protokoll 101" time="0.015">
    </testcase>
    <testcase classname=" Invalid Protokoll-ID" name=" Invalid Protokoll-ID" time="2.023">
      <failure>Error: Unable to find an element with the text: /Validation error/i. This could be because the text is broken up by multiple elements. In this case, you can provide a function for your text matcher to make your matcher more flexible.

Ignored nodes: comments, script, style
&lt;body&gt;
  &lt;div&gt;
    &lt;div
      class=&quot;d-flex justify-content-center align-items-center vh-100&quot;
    &gt;
      &lt;div
        class=&quot;spinner-border text-primary&quot;
        role=&quot;status&quot;
      &gt;
        &lt;span
          class=&quot;visually-hidden&quot;
        &gt;
          Loading...
        &lt;/span&gt;
      &lt;/div&gt;
    &lt;/div&gt;
  &lt;/div&gt;
&lt;/body&gt;
    at waitForWrapper (/Users/sarah/we2.blatt10/node_modules/@testing-library/dom/dist/wait-for.js:162:27)
    at waitForLonger (/Users/sarah/we2.blatt10/src/components/__test__/Routes.test.tsx:17:19)
    at Object.waitForLonger (/Users/sarah/we2.blatt10/src/components/__test__/Routes.test.tsx:86:11)
    at Promise.then.completed (/Users/sarah/we2.blatt10/node_modules/react-scripts/node_modules/jest-circus/build/utils.js:391:28)
    at new Promise (&lt;anonymous&gt;)
    at callAsyncCircusFn (/Users/sarah/we2.blatt10/node_modules/react-scripts/node_modules/jest-circus/build/utils.js:316:10)
    at _callCircusTest (/Users/sarah/we2.blatt10/node_modules/react-scripts/node_modules/jest-circus/build/run.js:218:40)
    at _runTest (/Users/sarah/we2.blatt10/node_modules/react-scripts/node_modules/jest-circus/build/run.js:155:3)
    at _runTestsForDescribeBlock (/Users/sarah/we2.blatt10/node_modules/react-scripts/node_modules/jest-circus/build/run.js:66:9)
    at run (/Users/sarah/we2.blatt10/node_modules/react-scripts/node_modules/jest-circus/build/run.js:25:3)
    at runAndTransformResultsToJestFormat (/Users/sarah/we2.blatt10/node_modules/react-scripts/node_modules/jest-circus/build/legacy-code-todo-rewrite/jestAdapterInit.js:170:21)
    at jestAdapter (/Users/sarah/we2.blatt10/node_modules/react-scripts/node_modules/jest-circus/build/legacy-code-todo-rewrite/jestAdapter.js:82:19)
    at runTestInternal (/Users/sarah/we2.blatt10/node_modules/react-scripts/node_modules/jest-runner/build/runTest.js:389:16)
    at runTest (/Users/sarah/we2.blatt10/node_modules/react-scripts/node_modules/jest-runner/build/runTest.js:475:34)
    at Object.worker (/Users/sarah/we2.blatt10/node_modules/react-scripts/node_modules/jest-runner/build/testWorker.js:133:12)</failure>
    </testcase>
    <testcase classname=" Eintrag 201" name=" Eintrag 201" time="0.012">
    </testcase>
    <testcase classname=" Eintrag not found" name=" Eintrag not found" time="2.007">
      <failure>Error: Unable to find an element with the text: /404/i. This could be because the text is broken up by multiple elements. In this case, you can provide a function for your text matcher to make your matcher more flexible.

Ignored nodes: comments, script, style
&lt;body&gt;
  &lt;div&gt;
    &lt;div
      class=&quot;container&quot;
    &gt;
      &lt;div
        class=&quot;mt-4&quot;
      &gt;
        &lt;h2&gt;
          Eintragverwaltung
        &lt;/h2&gt;
        &lt;table
          class=&quot;table table-hover table&quot;
        &gt;
          &lt;tbody&gt;
            &lt;tr
              class=&quot;table-primary&quot;
            &gt;
              &lt;th&gt;
                Getränk
              &lt;/th&gt;
              &lt;td /&gt;
            &lt;/tr&gt;
            &lt;tr
              class=&quot;table-primary&quot;
            &gt;
              &lt;th&gt;
                Menge
              &lt;/th&gt;
              &lt;td&gt;
                 ml
              &lt;/td&gt;
            &lt;/tr&gt;
            &lt;tr&gt;
              &lt;th&gt;
                Kommentar
              &lt;/th&gt;
              &lt;td /&gt;
            &lt;/tr&gt;
            &lt;tr&gt;
              &lt;th&gt;
                Erstellt am
              &lt;/th&gt;
              &lt;td /&gt;
            &lt;/tr&gt;
            &lt;tr&gt;
              &lt;th&gt;
                Erstellt von
              &lt;/th&gt;
              &lt;td /&gt;
            &lt;/tr&gt;
          &lt;/tbody&gt;
        &lt;/table&gt;
      &lt;/div&gt;
      &lt;a
        class=&quot;btn btn-secondary&quot;
        href=&quot;/&quot;
        role=&quot;button&quot;
        tabindex=&quot;0&quot;
      &gt;
        Zurück zur Übersicht
      &lt;/a&gt;
    &lt;/div&gt;
  &lt;/div&gt;
&lt;/body&gt;
    at waitForWrapper (/Users/sarah/we2.blatt10/node_modules/@testing-library/dom/dist/wait-for.js:162:27)
    at waitForLonger (/Users/sarah/we2.blatt10/src/components/__test__/Routes.test.tsx:17:19)
    at Object.waitForLonger (/Users/sarah/we2.blatt10/src/components/__test__/Routes.test.tsx:106:11)
    at Promise.then.completed (/Users/sarah/we2.blatt10/node_modules/react-scripts/node_modules/jest-circus/build/utils.js:391:28)
    at new Promise (&lt;anonymous&gt;)
    at callAsyncCircusFn (/Users/sarah/we2.blatt10/node_modules/react-scripts/node_modules/jest-circus/build/utils.js:316:10)
    at _callCircusTest (/Users/sarah/we2.blatt10/node_modules/react-scripts/node_modules/jest-circus/build/run.js:218:40)
    at _runTest (/Users/sarah/we2.blatt10/node_modules/react-scripts/node_modules/jest-circus/build/run.js:155:3)
    at _runTestsForDescribeBlock (/Users/sarah/we2.blatt10/node_modules/react-scripts/node_modules/jest-circus/build/run.js:66:9)
    at run (/Users/sarah/we2.blatt10/node_modules/react-scripts/node_modules/jest-circus/build/run.js:25:3)
    at runAndTransformResultsToJestFormat (/Users/sarah/we2.blatt10/node_modules/react-scripts/node_modules/jest-circus/build/legacy-code-todo-rewrite/jestAdapterInit.js:170:21)
    at jestAdapter (/Users/sarah/we2.blatt10/node_modules/react-scripts/node_modules/jest-circus/build/legacy-code-todo-rewrite/jestAdapter.js:82:19)
    at runTestInternal (/Users/sarah/we2.blatt10/node_modules/react-scripts/node_modules/jest-runner/build/runTest.js:389:16)
    at runTest (/Users/sarah/we2.blatt10/node_modules/react-scripts/node_modules/jest-runner/build/runTest.js:475:34)
    at Object.worker (/Users/sarah/we2.blatt10/node_modules/react-scripts/node_modules/jest-runner/build/testWorker.js:133:12)</failure>
    </testcase>
    <testcase classname=" Invalid Eintrag-ID" name=" Invalid Eintrag-ID" time="2.008">
      <failure>Error: Unable to find an element with the text: /Validation error/i. This could be because the text is broken up by multiple elements. In this case, you can provide a function for your text matcher to make your matcher more flexible.

Ignored nodes: comments, script, style
&lt;body&gt;
  &lt;div&gt;
    &lt;div
      class=&quot;container&quot;
    &gt;
      &lt;div
        class=&quot;mt-4&quot;
      &gt;
        &lt;h2&gt;
          Eintragverwaltung
        &lt;/h2&gt;
        &lt;table
          class=&quot;table table-hover table&quot;
        &gt;
          &lt;tbody&gt;
            &lt;tr
              class=&quot;table-primary&quot;
            &gt;
              &lt;th&gt;
                Getränk
              &lt;/th&gt;
              &lt;td /&gt;
            &lt;/tr&gt;
            &lt;tr
              class=&quot;table-primary&quot;
            &gt;
              &lt;th&gt;
                Menge
              &lt;/th&gt;
              &lt;td&gt;
                 ml
              &lt;/td&gt;
            &lt;/tr&gt;
            &lt;tr&gt;
              &lt;th&gt;
                Kommentar
              &lt;/th&gt;
              &lt;td /&gt;
            &lt;/tr&gt;
            &lt;tr&gt;
              &lt;th&gt;
                Erstellt am
              &lt;/th&gt;
              &lt;td /&gt;
            &lt;/tr&gt;
            &lt;tr&gt;
              &lt;th&gt;
                Erstellt von
              &lt;/th&gt;
              &lt;td /&gt;
            &lt;/tr&gt;
          &lt;/tbody&gt;
        &lt;/table&gt;
      &lt;/div&gt;
      &lt;a
        class=&quot;btn btn-secondary&quot;
        href=&quot;/&quot;
        role=&quot;button&quot;
        tabindex=&quot;0&quot;
      &gt;
        Zurück zur Übersicht
      &lt;/a&gt;
    &lt;/div&gt;
  &lt;/div&gt;
&lt;/body&gt;
    at waitForWrapper (/Users/sarah/we2.blatt10/node_modules/@testing-library/dom/dist/wait-for.js:162:27)
    at waitForLonger (/Users/sarah/we2.blatt10/src/components/__test__/Routes.test.tsx:17:19)
    at Object.waitForLonger (/Users/sarah/we2.blatt10/src/components/__test__/Routes.test.tsx:116:11)
    at Promise.then.completed (/Users/sarah/we2.blatt10/node_modules/react-scripts/node_modules/jest-circus/build/utils.js:391:28)
    at new Promise (&lt;anonymous&gt;)
    at callAsyncCircusFn (/Users/sarah/we2.blatt10/node_modules/react-scripts/node_modules/jest-circus/build/utils.js:316:10)
    at _callCircusTest (/Users/sarah/we2.blatt10/node_modules/react-scripts/node_modules/jest-circus/build/run.js:218:40)
    at _runTest (/Users/sarah/we2.blatt10/node_modules/react-scripts/node_modules/jest-circus/build/run.js:155:3)
    at _runTestsForDescribeBlock (/Users/sarah/we2.blatt10/node_modules/react-scripts/node_modules/jest-circus/build/run.js:66:9)
    at run (/Users/sarah/we2.blatt10/node_modules/react-scripts/node_modules/jest-circus/build/run.js:25:3)
    at runAndTransformResultsToJestFormat (/Users/sarah/we2.blatt10/node_modules/react-scripts/node_modules/jest-circus/build/legacy-code-todo-rewrite/jestAdapterInit.js:170:21)
    at jestAdapter (/Users/sarah/we2.blatt10/node_modules/react-scripts/node_modules/jest-circus/build/legacy-code-todo-rewrite/jestAdapter.js:82:19)
    at runTestInternal (/Users/sarah/we2.blatt10/node_modules/react-scripts/node_modules/jest-runner/build/runTest.js:389:16)
    at runTest (/Users/sarah/we2.blatt10/node_modules/react-scripts/node_modules/jest-runner/build/runTest.js:475:34)
    at Object.worker (/Users/sarah/we2.blatt10/node_modules/react-scripts/node_modules/jest-runner/build/testWorker.js:133:12)</failure>
    </testcase>
    <testcase classname=" renders header links" name=" renders header links" time="0.016">
    </testcase>
    <testcase classname=" renders validation error details" name=" renders validation error details" time="0.003">
    </testcase>
    <testcase classname=" renders HTML error" name=" renders HTML error" time="0.005">
    </testcase>
  </testsuite>
</testsuites>