<?xml version="1.0" encoding="UTF-8"?>
<coverage generated="1706461988474" clover="3.2.0">
  <project timestamp="1706461988474" name="All files">
    <metrics statements="36" coveredstatements="29" conditionals="6" coveredconditionals="4" methods="15" coveredmethods="12" elements="57" coveredelements="45" complexity="0" loc="36" ncloc="36" packages="2" files="7" classes="7"/>
    <package name="src">
      <metrics statements="2" coveredstatements="2" conditionals="2" coveredconditionals="1" methods="1" coveredmethods="1"/>
      <file name="App.tsx" path="/Users/sarah/we2.blatt09/src/App.tsx">
        <metrics statements="2" coveredstatements="2" conditionals="2" coveredconditionals="1" methods="1" coveredmethods="1"/>
        <line num="10" count="1" type="stmt"/>
        <line num="12" count="1" type="stmt"/>
      </file>
    </package>
    <package name="src.components">
      <metrics statements="34" coveredstatements="27" conditionals="4" coveredconditionals="3" methods="14" coveredmethods="11"/>
      <file name="AlleProtokolle.tsx" path="/Users/sarah/we2.blatt09/src/components/AlleProtokolle.tsx">
        <metrics statements="13" coveredstatements="8" conditionals="2" coveredconditionals="1" methods="4" coveredmethods="3"/>
        <line num="9" count="5" type="stmt"/>
        <line num="10" count="5" type="stmt"/>
        <line num="11" count="5" type="stmt"/>
        <line num="14" count="1" type="stmt"/>
        <line num="15" count="1" type="stmt"/>
        <line num="16" count="0" type="stmt"/>
        <line num="17" count="0" type="stmt"/>
        <line num="19" count="0" type="stmt"/>
        <line num="22" count="1" type="stmt"/>
        <line num="24" count="1" type="cond" truecount="1" falsecount="1"/>
        <line num="25" count="0" type="stmt"/>
        <line num="46" count="1" type="stmt"/>
        <line num="51" count="0" type="stmt"/>
      </file>
      <file name="Eintrag.tsx" path="/Users/sarah/we2.blatt09/src/components/Eintrag.tsx">
        <metrics statements="2" coveredstatements="2" conditionals="0" coveredconditionals="0" methods="1" coveredmethods="1"/>
        <line num="4" count="15" type="stmt"/>
        <line num="6" count="15" type="stmt"/>
      </file>
      <file name="ErrorFallback.tsx" path="/Users/sarah/we2.blatt09/src/components/ErrorFallback.tsx">
        <metrics statements="1" coveredstatements="1" conditionals="0" coveredconditionals="0" methods="1" coveredmethods="1"/>
        <line num="3" count="2" type="stmt"/>
      </file>
      <file name="LoadingIndicator.tsx" path="/Users/sarah/we2.blatt09/src/components/LoadingIndicator.tsx">
        <metrics statements="1" coveredstatements="1" conditionals="0" coveredconditionals="0" methods="1" coveredmethods="1"/>
        <line num="2" count="6" type="stmt"/>
      </file>
      <file name="Protokoll.tsx" path="/Users/sarah/we2.blatt09/src/components/Protokoll.tsx">
        <metrics statements="15" coveredstatements="14" conditionals="2" coveredconditionals="2" methods="5" coveredmethods="4"/>
        <line num="8" count="9" type="stmt"/>
        <line num="9" count="9" type="stmt"/>
        <line num="11" count="9" type="stmt"/>
        <line num="12" count="6" type="stmt"/>
        <line num="13" count="6" type="stmt"/>
        <line num="14" count="6" type="stmt"/>
        <line num="15" count="3" type="stmt"/>
        <line num="16" count="3" type="stmt"/>
        <line num="18" count="3" type="stmt"/>
        <line num="22" count="6" type="stmt"/>
        <line num="25" count="9" type="cond" truecount="2" falsecount="0"/>
        <line num="26" count="6" type="stmt"/>
        <line num="29" count="3" type="stmt"/>
        <line num="31" count="0" type="stmt"/>
        <line num="43" count="9" type="stmt"/>
      </file>
      <file name="ProtokollDescription.tsx" path="/Users/sarah/we2.blatt09/src/components/ProtokollDescription.tsx">
        <metrics statements="2" coveredstatements="1" conditionals="0" coveredconditionals="0" methods="2" coveredmethods="1"/>
        <line num="6" count="6" type="stmt"/>
        <line num="13" count="0" type="stmt"/>
      </file>
    </package>
  </project>
</coverage>
